<?xml version="1.0" encoding="UTF-8"?>
<!-- Generated by org.testng.reporters.JUnitReportReporter -->
<testsuite hostname="LAPTOP-AL3H5S4M" failures="0" tests="6" name="testFiles.AlertsTest" time="10.254" errors="0" timestamp="2025-04-12T16:07:18 IST" skipped="0">
  <testcase classname="testFiles.AlertsTest" name="testJSConfirmAccept" time="0.576"/>
  <testcase classname="testFiles.AlertsTest" name="testJSConfirmDismiss" time="0.500"/>
  <testcase classname="testFiles.AlertsTest" name="testJSPromptAccept" time="7.286"/>
  <testcase classname="testFiles.AlertsTest" name="testJSAlert" time="0.697"/>
  <testcase classname="testFiles.AlertsTest" name="testJSPromptWithEmptyInputAndOk" time="0.614"/>
  <testcase classname="testFiles.AlertsTest" name="testJSPromptWithSomeTextAndCancel" time="0.581"/>
</testsuite> <!-- testFiles.AlertsTest -->
