<?xml version="1.0" encoding="UTF-8"?>
<!-- Generated by org.testng.reporters.JUnitReportReporter -->
<testsuite hostname="LAPTOP-AL3H5S4M" failures="0" tests="4" name="testFiles.LoginTest" time="9.018" errors="0" timestamp="2025-04-13T01:57:06 IST" skipped="0">
  <testcase classname="testFiles.LoginTest" name="testInvalidUsernameOnly" time="1.173"/>
  <system-out/>
  <testcase classname="testFiles.LoginTest" name="testValidLogin" time="1.562"/>
  <system-out/>
  <testcase classname="testFiles.LoginTest" name="testInvalidPasswordOnly" time="4.883"/>
  <system-out/>
  <testcase classname="testFiles.LoginTest" name="testBothInvalidUsernameAndPassword" time="1.400"/>
  <system-out/>
</testsuite> <!-- testFiles.LoginTest -->
